<?xml version="1.0" encoding="UTF-8"?>
<!-- Generated by org.testng.reporters.JUnitReportReporter -->
<testsuite hostname="1PC5414F3DD07DE" failures="0" tests="1" name="runner.Runner" time="25.235" errors="0" timestamp="2024-06-08T17:39:50 IST" skipped="0">
  <testcase classname="runner.Runner" name="runScenario" time="25.235"/>
</testsuite> <!-- runner.Runner -->
